# JRE version: Java(TM) SE Runtime Environment (7.0_51-b13) (build 1.7.0_51-b13)
# Java VM: Java HotSpot(TM) 64-Bit Server VM (24.51-b03 mixed mode windows-amd64 compressed oops)
Heap
 PSYoungGen      total 47104K, used 11738K [0x00000007cba00000, 0x00000007cee80000, 0x0000000800000000)
  eden space 40448K, 12% used [0x00000007cba00000,0x00000007cbef6e50,0x00000007ce180000)
  from space 6656K, 99% used [0x00000007ce180000,0x00000007ce7ffd88,0x00000007ce800000)
  to   space 6656K, 0% used [0x00000007ce800000,0x00000007ce800000,0x00000007cee80000)
 ParOldGen       total 107008K, used 9766K [0x0000000762e00000, 0x0000000769680000, 0x00000007cba00000)
  object space 107008K, 9% used [0x0000000762e00000,0x0000000763789940,0x0000000769680000)
 PSPermGen       total 24064K, used 23903K [0x000000075dc00000, 0x000000075f380000, 0x0000000762e00000)
  object space 24064K, 99% used [0x000000075dc00000,0x000000075f357cd0,0x000000075f380000)
GC Heap History (6 events):
Event: 1.995 GC heap before
{Heap before GC invocations=1 (full 0):
 PSYoungGen      total 47104K, used 40448K [0x00000007cba00000, 0x00000007cee80000, 0x0000000800000000)
  eden space 40448K, 100% used [0x00000007cba00000,0x00000007ce180000,0x00000007ce180000)
  from space 6656K, 0% used [0x00000007ce800000,0x00000007ce800000,0x00000007cee80000)
  to   space 6656K, 0% used [0x00000007ce180000,0x00000007ce180000,0x00000007ce800000)
 ParOldGen       total 107008K, used 0K [0x0000000762e00000, 0x0000000769680000, 0x00000007cba00000)
  object space 107008K, 0% used [0x0000000762e00000,0x0000000762e00000,0x0000000769680000)
 PSPermGen       total 21504K, used 15343K [0x000000075dc00000, 0x000000075f100000, 0x0000000762e00000)
  object space 21504K, 71% used [0x000000075dc00000,0x000000075eafbf40,0x000000075f100000)
Event: 2.007 GC heap after
Heap after GC invocations=1 (full 0):
 PSYoungGen      total 47104K, used 5203K [0x00000007cba00000, 0x00000007cee80000, 0x0000000800000000)
  eden space 40448K, 0% used [0x00000007cba00000,0x00000007cba00000,0x00000007ce180000)
  from space 6656K, 78% used [0x00000007ce180000,0x00000007ce694e48,0x00000007ce800000)
  to   space 6656K, 0% used [0x00000007ce800000,0x00000007ce800000,0x00000007cee80000)
 ParOldGen       total 107008K, used 8K [0x0000000762e00000, 0x0000000769680000, 0x00000007cba00000)
  object space 107008K, 0% used [0x0000000762e00000,0x0000000762e02000,0x0000000769680000)
 PSPermGen       total 21504K, used 15343K [0x000000075dc00000, 0x000000075f100000, 0x0000000762e00000)
  object space 21504K, 71% used [0x000000075dc00000,0x000000075eafbf40,0x000000075f100000)
}
Event: 4.398 GC heap before
{Heap before GC invocations=2 (full 0):
 PSYoungGen      total 47104K, used 45651K [0x00000007cba00000, 0x00000007cee80000, 0x0000000800000000)
  eden space 40448K, 100% used [0x00000007cba00000,0x00000007ce180000,0x00000007ce180000)
  from space 6656K, 78% used [0x00000007ce180000,0x00000007ce694e48,0x00000007ce800000)
  to   space 6656K, 0% used [0x00000007ce800000,0x00000007ce800000,0x00000007cee80000)
 ParOldGen       total 107008K, used 8K [0x0000000762e00000, 0x0000000769680000, 0x00000007cba00000)
  object space 107008K, 0% used [0x0000000762e00000,0x0000000762e02000,0x0000000769680000)
 PSPermGen       total 22528K, used 22152K [0x000000075dc00000, 0x000000075f200000, 0x0000000762e00000)
  object space 22528K, 98% used [0x000000075dc00000,0x000000075f1a2220,0x000000075f200000)
Event: 4.426 GC heap after
Heap after GC invocations=2 (full 0):
 PSYoungGen      total 47104K, used 6655K [0x00000007cba00000, 0x00000007cee80000, 0x0000000800000000)
  eden space 40448K, 0% used [0x00000007cba00000,0x00000007cba00000,0x00000007ce180000)
  from space 6656K, 99% used [0x00000007ce800000,0x00000007cee7fdb8,0x00000007cee80000)
  to   space 6656K, 0% used [0x00000007ce180000,0x00000007ce180000,0x00000007ce800000)
 ParOldGen       total 107008K, used 9578K [0x0000000762e00000, 0x0000000769680000, 0x00000007cba00000)
  object space 107008K, 8% used [0x0000000762e00000,0x000000076375a858,0x0000000769680000)
 PSPermGen       total 22528K, used 22152K [0x000000075dc00000, 0x000000075f200000, 0x0000000762e00000)
  object space 22528K, 98% used [0x000000075dc00000,0x000000075f1a2220,0x000000075f200000)
}
Event: 351.838 GC heap before
{Heap before GC invocations=3 (full 0):
 PSYoungGen      total 47104K, used 47103K [0x00000007cba00000, 0x00000007cee80000, 0x0000000800000000)
  eden space 40448K, 100% used [0x00000007cba00000,0x00000007ce180000,0x00000007ce180000)
  from space 6656K, 99% used [0x00000007ce800000,0x00000007cee7fdb8,0x00000007cee80000)
  to   space 6656K, 0% used [0x00000007ce180000,0x00000007ce180000,0x00000007ce800000)
 ParOldGen       total 107008K, used 9578K [0x0000000762e00000, 0x0000000769680000, 0x00000007cba00000)
  object space 107008K, 8% used [0x0000000762e00000,0x000000076375a858,0x0000000769680000)
 PSPermGen       total 23552K, used 23221K [0x000000075dc00000, 0x000000075f300000, 0x0000000762e00000)
  object space 23552K, 98% used [0x000000075dc00000,0x000000075f2ad6d0,0x000000075f300000)
Event: 351.851 GC heap after
Heap after GC invocations=3 (full 0):
 PSYoungGen      total 47104K, used 6655K [0x00000007cba00000, 0x00000007cee80000, 0x0000000800000000)
  eden space 40448K, 0% used [0x00000007cba00000,0x00000007cba00000,0x00000007ce180000)
  from space 6656K, 99% used [0x00000007ce180000,0x00000007ce7ffd88,0x00000007ce800000)
  to   space 6656K, 0% used [0x00000007ce800000,0x00000007ce800000,0x00000007cee80000)
 ParOldGen       total 107008K, used 9766K [0x0000000762e00000, 0x0000000769680000, 0x00000007cba00000)
  object space 107008K, 9% used [0x0000000762e00000,0x0000000763789940,0x0000000769680000)
 PSPermGen       total 23552K, used 23221K [0x000000075dc00000, 0x000000075f300000, 0x0000000762e00000)
  object space 23552K, 98% used [0x000000075dc00000,0x000000075f2ad6d0,0x000000075f300000)
}

